build/app/outputs/logs/manifest-merger-debug-report.txt
-- Merging decision tree log ---
manifest
ADDED from src\main\AndroidManifest.xml:1:1-60:12
INJECTED from src\main\AndroidManifest.xml:1:1-60:12
INJECTED from src\main\AndroidManifest.xml:1:1-60:12
INJECTED from src\main\AndroidManifest.xml:1:1-60:12
MERGED from src\main\AndroidManifest.xml:1:1-60:12
MERGED from [:flutter_secure_storage] AndroidManifest.xml:2:1-11:12
MERGED from [:google_sign_in] AndroidManifest.xml:2:1-9:12
MERGED from [:flutter_facebook_login] AndroidManifest.xml:2:1-7:12
MERGED from [:image_picker] AndroidManifest.xml:2:1-22:12
MERGED from [:flutter_plugin_android_lifecycle] AndroidManifest.xml:2:1-7:12
MERGED from [:webview_flutter] AndroidManifest.xml:2:1-7:12
MERGED from [:path_provider] AndroidManifest.xml:2:1-7:12
MERGED from [:image_cropper] AndroidManifest.xml:2:1-7:12
MERGED from [:firebase_auth] AndroidManifest.xml:2:1-15:12
MERGED from [:firebase_core] AndroidManifest.xml:2:1-15:12
MERGED from [:image_crop] AndroidManifest.xml:2:1-10:12
MERGED from [com.google.firebase:firebase-core:18.0.2] AndroidManifest.xml:2:1-9:12
MERGED from [com.google.firebase:firebase-analytics:18.0.2] AndroidManifest.xml:2:1-9:12
MERGED from [com.google.android.gms:play-services-auth:16.0.1] AndroidManifest.xml:17:1-39:12
MERGED from [com.facebook.android:facebook-login:5.5.1] AndroidManifest.xml:21:1-31:12
MERGED from [androidx.webkit:webkit:1.0.0] AndroidManifest.xml:17:1-22:12
MERGED from [com.github.yalantis:ucrop:2.2.6] AndroidManifest.xml:2:1-11:12
MERGED from [androidx.exifinterface:exifinterface:1.3.0] AndroidManifest.xml:17:1-24:12
MERGED from [com.google.firebase:firebase-auth:20.0.2] AndroidManifest.xml:17:1-83:12
MERGED from [com.facebook.android:facebook-common:5.5.1] AndroidManifest.xml:21:1-37:12
MERGED from [androidx.appcompat:appcompat:1.1.0] AndroidManifest.xml:17:1-24:12
MERGED from [com.google.android.gms:play-services-auth-base:16.0.0] AndroidManifest.xml:2:1-7:12
MERGED from [com.google.android.gms:play-services-auth-api-phone:17.4.0] AndroidManifest.xml:2:1-7:12
MERGED from [com.google.android.gms:play-services-safetynet:17.0.0] AndroidManifest.xml:17:1-24:12
MERGED from [com.google.firebase:firebase-auth-interop:19.0.0] AndroidManifest.xml:2:1-10:12
MERGED from [com.google.android.gms:play-services-base:17.1.0] AndroidManifest.xml:17:1-29:12
MERGED from [androidx.legacy:legacy-support-v4:1.0.0] AndroidManifest.xml:17:1-22:12
MERGED from [com.google.android.gms:play-services-measurement:18.0.2] AndroidManifest.xml:17:1-46:12
MERGED from [com.google.android.gms:play-services-measurement-api:18.0.2] AndroidManifest.xml:17:1-36:12
MERGED from [com.google.android.gms:play-services-measurement-sdk:18.0.2] AndroidManifest.xml:17:1-25:12
MERGED from [com.google.firebase:firebase-installations:16.3.5] AndroidManifest.xml:2:1-24:12
MERGED from [com.google.firebase:firebase-common:19.5.0] AndroidManifest.xml:15:1-49:12
MERGED from [com.google.firebase:firebase-installations-interop:16.0.1] AndroidManifest.xml:15:1-23:12
MERGED from [com.google.android.gms:play-services-tasks:17.0.0] AndroidManifest.xml:2:1-9:12
MERGED from [com.google.android.gms:play-services-measurement-impl:18.0.2] AndroidManifest.xml:17:1-31:12
MERGED from [com.google.android.gms:play-services-ads-identifier:17.0.0] AndroidManifest.xml:17:1-24:12
MERGED from [com.google.android.gms:play-services-measurement-sdk-api:18.0.2] AndroidManifest.xml:17:1-27:12
MERGED from [com.google.android.gms:play-services-measurement-base:18.0.2] AndroidManifest.xml:2:1-9:12
MERGED from [com.google.android.gms:play-services-stats:17.0.0] AndroidManifest.xml:2:1-9:12
MERGED from [com.google.firebase:firebase-measurement-connector:18.0.0] AndroidManifest.xml:17:1-25:12
MERGED from [com.google.android.gms:play-services-basement:17.1.0] AndroidManifest.xml:17:1-28:12
MERGED from [androidx.fragment:fragment:1.1.0] AndroidManifest.xml:17:1-24:12
MERGED from [androidx.transition:transition:1.2.0-rc01] AndroidManifest.xml:17:1-24:12
MERGED from [androidx.browser:browser:1.0.0] AndroidManifest.xml:17:1-22:12
MERGED from [androidx.legacy:legacy-support-core-ui:1.0.0] AndroidManifest.xml:17:1-22:12
MERGED from [androidx.viewpager:viewpager:1.0.0] AndroidManifest.xml:17:1-22:12
MERGED from [com.facebook.android:facebook-core:5.5.1] AndroidManifest.xml:21:1-61:12
MERGED from [androidx.legacy:legacy-support-core-utils:1.0.0] AndroidManifest.xml:17:1-22:12
MERGED from [androidx.loader:loader:1.0.0] AndroidManifest.xml:17:1-22:12
MERGED from [androidx.activity:activity:1.0.0] AndroidManifest.xml:17:1-24:12
MERGED from [androidx.appcompat:appcompat-resources:1.1.0] AndroidManifest.xml:17:1-24:12
MERGED from [androidx.drawerlayout:drawerlayout:1.0.0] AndroidManifest.xml:17:1-22:12
MERGED from [androidx.coordinatorlayout:coordinatorlayout:1.0.0] AndroidManifest.xml:17:1-22:12
MERGED from [androidx.slidingpanelayout:slidingpanelayout:1.0.0] AndroidManifest.xml:17:1-22:12
MERGED from [androidx.customview:customview:1.0.0] AndroidManifest.xml:17:1-22:12
MERGED from [androidx.media:media:1.0.0] AndroidManifest.xml:17:1-22:12
MERGED from [androidx.vectordrawable:vectordrawable-animated:1.1.0] AndroidManifest.xml:17:1-24:12
MERGED from [androidx.vectordrawable:vectordrawable:1.1.0] AndroidManifest.xml:17:1-24:12
MERGED from [androidx.swiperefreshlayout:swiperefreshlayout:1.0.0] AndroidManifest.xml:17:1-22:12
MERGED from [androidx.asynclayoutinflater:asynclayoutinflater:1.0.0] AndroidManifest.xml:17:1-22:12
MERGED from [androidx.core:core:1.1.0] AndroidManifest.xml:17:1-26:12
MERGED from [androidx.lifecycle:lifecycle-runtime:2.2.0] AndroidManifest.xml:17:1-24:12
MERGED from [androidx.savedstate:savedstate:1.0.0] AndroidManifest.xml:17:1-24:12
MERGED from [androidx.lifecycle:lifecycle-livedata:2.0.0] AndroidManifest.xml:17:1-22:12
MERGED from [androidx.lifecycle:lifecycle-livedata-core:2.0.0] AndroidManifest.xml:17:1-22:12
MERGED from [androidx.localbroadcastmanager:localbroadcastmanager:1.0.0] AndroidManifest.xml:17:1-22:12
MERGED from [androidx.arch.core:core-runtime:2.0.0] AndroidManifest.xml:17:1-22:12
MERGED from [androidx.versionedparcelable:versionedparcelable:1.1.0] AndroidManifest.xml:17:1-27:12
MERGED from [androidx.cardview:cardview:1.0.0] AndroidManifest.xml:17:1-22:12
MERGED from [androidx.cursoradapter:cursoradapter:1.0.0] AndroidManifest.xml:17:1-22:12
MERGED from [com.google.firebase:firebase-components:16.1.0] AndroidManifest.xml:15:1-23:12
MERGED from [androidx.lifecycle:lifecycle-viewmodel:2.1.0] AndroidManifest.xml:17:1-22:12
MERGED from [androidx.documentfile:documentfile:1.0.0] AndroidManifest.xml:17:1-22:12
MERGED from [androidx.print:print:1.0.0] AndroidManifest.xml:17:1-22:12
MERGED from [androidx.interpolator:interpolator:1.0.0] AndroidManifest.xml:17:1-22:12
INJECTED from src\debug\AndroidManifest.xml:1:1-7:12
INJECTED from src\debug\AndroidManifest.xml:1:1-7:12
INJECTED from src\debug\AndroidManifest.xml:1:1-7:12
	package
		ADDED from src\main\AndroidManifest.xml:2:5-40
		INJECTED from src\main\AndroidManifest.xml
		INJECTED from src\debug\AndroidManifest.xml
	android:versionName
		INJECTED from src\main\AndroidManifest.xml
		ADDED from src\main\AndroidManifest.xml:1:1-60:12
		INJECTED from src\debug\AndroidManifest.xml
	android:versionCode
		INJECTED from src\main\AndroidManifest.xml
		ADDED from src\main\AndroidManifest.xml:1:1-60:12
		INJECTED from src\debug\AndroidManifest.xml
	xmlns:android
		ADDED from src\main\AndroidManifest.xml:1:11-69
application
ADDED from src\main\AndroidManifest.xml:8:5-57:19
MERGED from [:image_picker] AndroidManifest.xml:10:5-20:19
MERGED from [:image_picker] AndroidManifest.xml:10:5-20:19
MERGED from [:firebase_auth] AndroidManifest.xml:7:5-13:19
MERGED from [:firebase_auth] AndroidManifest.xml:7:5-13:19
MERGED from [:firebase_core] AndroidManifest.xml:7:5-13:19
MERGED from [:firebase_core] AndroidManifest.xml:7:5-13:19
MERGED from [com.google.firebase:firebase-core:18.0.2] AndroidManifest.xml:7:5-20
MERGED from [com.google.firebase:firebase-core:18.0.2] AndroidManifest.xml:7:5-20
MERGED from [com.google.firebase:firebase-analytics:18.0.2] AndroidManifest.xml:7:5-20
MERGED from [com.google.firebase:firebase-analytics:18.0.2] AndroidManifest.xml:7:5-20
MERGED from [com.google.android.gms:play-services-auth:16.0.1] AndroidManifest.xml:22:5-37:19
MERGED from [com.google.android.gms:play-services-auth:16.0.1] AndroidManifest.xml:22:5-37:19
MERGED from [com.facebook.android:facebook-login:5.5.1] AndroidManifest.xml:28:5-29:19
MERGED from [com.facebook.android:facebook-login:5.5.1] AndroidManifest.xml:28:5-29:19
MERGED from [com.google.firebase:firebase-auth:20.0.2] AndroidManifest.xml:26:5-81:19
MERGED from [com.google.firebase:firebase-auth:20.0.2] AndroidManifest.xml:26:5-81:19
MERGED from [com.facebook.android:facebook-common:5.5.1] AndroidManifest.xml:28:5-35:19
MERGED from [com.facebook.android:facebook-common:5.5.1] AndroidManifest.xml:28:5-35:19
MERGED from [com.google.android.gms:play-services-safetynet:17.0.0] AndroidManifest.xml:22:5-20
MERGED from [com.google.android.gms:play-services-safetynet:17.0.0] AndroidManifest.xml:22:5-20
MERGED from [com.google.firebase:firebase-auth-interop:19.0.0] AndroidManifest.xml:7:5-8:19
MERGED from [com.google.firebase:firebase-auth-interop:19.0.0] AndroidManifest.xml:7:5-8:19
MERGED from [com.google.android.gms:play-services-base:17.1.0] AndroidManifest.xml:22:5-27:19
MERGED from [com.google.android.gms:play-services-base:17.1.0] AndroidManifest.xml:22:5-27:19
MERGED from [com.google.android.gms:play-services-measurement:18.0.2] AndroidManifest.xml:28:5-44:19
MERGED from [com.google.android.gms:play-services-measurement:18.0.2] AndroidManifest.xml:28:5-44:19
MERGED from [com.google.android.gms:play-services-measurement-api:18.0.2] AndroidManifest.xml:26:5-34:19
MERGED from [com.google.android.gms:play-services-measurement-api:18.0.2] AndroidManifest.xml:26:5-34:19
MERGED from [com.google.android.gms:play-services-measurement-sdk:18.0.2] AndroidManifest.xml:22:5-23:19
MERGED from [com.google.android.gms:play-services-measurement-sdk:18.0.2] AndroidManifest.xml:22:5-23:19
MERGED from [com.google.firebase:firebase-installations:16.3.5] AndroidManifest.xml:14:5-22:19
MERGED from [com.google.firebase:firebase-installations:16.3.5] AndroidManifest.xml:14:5-22:19
MERGED from [com.google.firebase:firebase-common:19.5.0] AndroidManifest.xml:25:5-47:19
MERGED from [com.google.firebase:firebase-common:19.5.0] AndroidManifest.xml:25:5-47:19
MERGED from [com.google.android.gms:play-services-tasks:17.0.0] AndroidManifest.xml:7:5-20
MERGED from [com.google.android.gms:play-services-tasks:17.0.0] AndroidManifest.xml:7:5-20
MERGED from [com.google.android.gms:play-services-measurement-impl:18.0.2] AndroidManifest.xml:28:5-29:19
MERGED from [com.google.android.gms:play-services-measurement-impl:18.0.2] AndroidManifest.xml:28:5-29:19
MERGED from [com.google.android.gms:play-services-ads-identifier:17.0.0] AndroidManifest.xml:22:5-20
MERGED from [com.google.android.gms:play-services-ads-identifier:17.0.0] AndroidManifest.xml:22:5-20
MERGED from [com.google.android.gms:play-services-measurement-base:18.0.2] AndroidManifest.xml:7:5-20
MERGED from [com.google.android.gms:play-services-measurement-base:18.0.2] AndroidManifest.xml:7:5-20
MERGED from [com.google.android.gms:play-services-stats:17.0.0] AndroidManifest.xml:7:5-20
MERGED from [com.google.android.gms:play-services-stats:17.0.0] AndroidManifest.xml:7:5-20
MERGED from [com.google.firebase:firebase-measurement-connector:18.0.0] AndroidManifest.xml:22:5-23:19
MERGED from [com.google.firebase:firebase-measurement-connector:18.0.0] AndroidManifest.xml:22:5-23:19
MERGED from [com.google.android.gms:play-services-basement:17.1.0] AndroidManifest.xml:22:5-26:19
MERGED from [com.google.android.gms:play-services-basement:17.1.0] AndroidManifest.xml:22:5-26:19
MERGED from [com.facebook.android:facebook-core:5.5.1] AndroidManifest.xml:28:5-59:19
MERGED from [com.facebook.android:facebook-core:5.5.1] AndroidManifest.xml:28:5-59:19
MERGED from [androidx.core:core:1.1.0] AndroidManifest.xml:24:5-89
MERGED from [androidx.core:core:1.1.0] AndroidManifest.xml:24:5-89
MERGED from [androidx.versionedparcelable:versionedparcelable:1.1.0] AndroidManifest.xml:24:5-25:19
MERGED from [androidx.versionedparcelable:versionedparcelable:1.1.0] AndroidManifest.xml:24:5-25:19
	android:appComponentFactory
		ADDED from [androidx.core:core:1.1.0] AndroidManifest.xml:24:18-86
	android:supportsRtl
		ADDED from [com.facebook.android:facebook-login:5.5.1] AndroidManifest.xml:28:18-44
	android:label
		ADDED from src\main\AndroidManifest.xml:10:9-39
	android:icon
		ADDED from src\main\AndroidManifest.xml:11:9-43
	android:usesCleartextTraffic
		ADDED from src\main\AndroidManifest.xml:12:9-44
	android:name
		ADDED from src\main\AndroidManifest.xml:9:9-57
activity#com.capstone.solvequation.MainActivity
ADDED from src\main\AndroidManifest.xml:13:9-33:20
	android:launchMode
		ADDED from src\main\AndroidManifest.xml:15:13-43
	android:hardwareAccelerated
		ADDED from src\main\AndroidManifest.xml:18:13-47
	android:windowSoftInputMode
		ADDED from src\main\AndroidManifest.xml:19:13-55
	android:configChanges
		ADDED from src\main\AndroidManifest.xml:17:13-163
	android:theme
		ADDED from src\main\AndroidManifest.xml:16:13-47
	android:name
		ADDED from src\main\AndroidManifest.xml:14:13-41
meta-data#io.flutter.embedding.android.NormalTheme
ADDED from src\main\AndroidManifest.xml:20:13-23:17
	android:resource
		ADDED from src\main\AndroidManifest.xml:22:15-52
	android:name
		ADDED from src\main\AndroidManifest.xml:21:15-70
meta-data#io.flutter.embedding.android.SplashScreenDrawable
ADDED from src\main\AndroidManifest.xml:24:13-27:17
	android:resource
		ADDED from src\main\AndroidManifest.xml:26:15-61
	android:name
		ADDED from src\main\AndroidManifest.xml:25:15-79
intent-filter#action:name:android.intent.action.MAIN+category:name:android.intent.category.LAUNCHER
ADDED from src\main\AndroidManifest.xml:29:13-32:29
action#android.intent.action.MAIN
ADDED from src\main\AndroidManifest.xml:30:17-68
	android:name
		ADDED from src\main\AndroidManifest.xml:30:25-66
category#android.intent.category.LAUNCHER
ADDED from src\main\AndroidManifest.xml:31:17-76
	android:name
		ADDED from src\main\AndroidManifest.xml:31:27-74
activity#com.yalantis.ucrop.UCropActivity
ADDED from src\main\AndroidManifest.xml:35:9-38:69
	android:screenOrientation
		ADDED from src\main\AndroidManifest.xml:37:11-47
	android:theme
		ADDED from src\main\AndroidManifest.xml:38:11-67
	android:name
		ADDED from src\main\AndroidManifest.xml:36:11-58
meta-data#flutterEmbedding
ADDED from src\main\AndroidManifest.xml:42:9-44:33
	android:value
		ADDED from src\main\AndroidManifest.xml:44:13-30
	android:name
		ADDED from src\main\AndroidManifest.xml:43:13-44
meta-data#com.facebook.sdk.ApplicationId
ADDED from src\main\AndroidManifest.xml:46:13-111
	android:value
		ADDED from src\main\AndroidManifest.xml:46:70-109
	android:name
		ADDED from src\main\AndroidManifest.xml:46:24-69
activity#com.facebook.FacebookActivity
ADDED from src\main\AndroidManifest.xml:47:13-188
MERGED from [com.facebook.android:facebook-common:5.5.1] AndroidManifest.xml:29:9-32:66
MERGED from [com.facebook.android:facebook-common:5.5.1] AndroidManifest.xml:29:9-32:66
	android:label
		ADDED from src\main\AndroidManifest.xml:47:153-185
	android:configChanges
		ADDED from src\main\AndroidManifest.xml:47:68-152
	android:theme
		ADDED from [com.facebook.android:facebook-common:5.5.1] AndroidManifest.xml:32:13-63
	android:name
		ADDED from src\main\AndroidManifest.xml:47:23-67
activity#com.facebook.CustomTabActivity
ADDED from src\main\AndroidManifest.xml:48:13-55:24
MERGED from [com.facebook.android:facebook-common:5.5.1] AndroidManifest.xml:34:9-67
MERGED from [com.facebook.android:facebook-common:5.5.1] AndroidManifest.xml:34:9-67
	android:exported
		ADDED from src\main\AndroidManifest.xml:48:69-92
	android:name
		ADDED from src\main\AndroidManifest.xml:48:23-68
intent-filter#action:name:android.intent.action.VIEW+category:name:android.intent.category.BROWSABLE+category:name:android.intent.category.DEFAULT+data:scheme:@string/fb_login_protocol_scheme
ADDED from src\main\AndroidManifest.xml:49:15-54:31
action#android.intent.action.VIEW
ADDED from src\main\AndroidManifest.xml:50:17-69
	android:name
		ADDED from src\main\AndroidManifest.xml:50:25-66
category#android.intent.category.DEFAULT
ADDED from src\main\AndroidManifest.xml:51:17-76
	android:name
		ADDED from src\main\AndroidManifest.xml:51:27-73
category#android.intent.category.BROWSABLE
ADDED from src\main\AndroidManifest.xml:52:17-78
	android:name
		ADDED from src\main\AndroidManifest.xml:52:27-75
data
ADDED from src\main\AndroidManifest.xml:53:17-75
	android:scheme
		ADDED from src\main\AndroidManifest.xml:53:23-72
uses-permission#android.permission.INTERNET
ADDED from src\main\AndroidManifest.xml:58:5-66
MERGED from src\main\AndroidManifest.xml:58:5-66
MERGED from src\main\AndroidManifest.xml:58:5-66
MERGED from [:google_sign_in] AndroidManifest.xml:7:5-67
MERGED from [:google_sign_in] AndroidManifest.xml:7:5-67
MERGED from [com.google.firebase:firebase-auth:20.0.2] AndroidManifest.xml:23:5-67
MERGED from [com.google.firebase:firebase-auth:20.0.2] AndroidManifest.xml:23:5-67
MERGED from [com.google.android.gms:play-services-measurement:18.0.2] AndroidManifest.xml:23:5-67
MERGED from [com.google.android.gms:play-services-measurement:18.0.2] AndroidManifest.xml:23:5-67
MERGED from [com.google.android.gms:play-services-measurement-api:18.0.2] AndroidManifest.xml:22:5-67
MERGED from [com.google.android.gms:play-services-measurement-api:18.0.2] AndroidManifest.xml:22:5-67
MERGED from [com.google.firebase:firebase-installations:16.3.5] AndroidManifest.xml:11:5-67
MERGED from [com.google.firebase:firebase-installations:16.3.5] AndroidManifest.xml:11:5-67
MERGED from [com.google.android.gms:play-services-measurement-impl:18.0.2] AndroidManifest.xml:23:5-67
MERGED from [com.google.android.gms:play-services-measurement-impl:18.0.2] AndroidManifest.xml:23:5-67
MERGED from [com.google.android.gms:play-services-measurement-sdk-api:18.0.2] AndroidManifest.xml:23:5-67
MERGED from [com.google.android.gms:play-services-measurement-sdk-api:18.0.2] AndroidManifest.xml:23:5-67
	android:name
		ADDED from src\main\AndroidManifest.xml:58:22-64
uses-sdk
INJECTED from src\main\AndroidManifest.xml reason: use-sdk injection requested
INJECTED from src\main\AndroidManifest.xml
INJECTED from src\main\AndroidManifest.xml
MERGED from [:flutter_secure_storage] AndroidManifest.xml:7:5-9:41
MERGED from [:flutter_secure_storage] AndroidManifest.xml:7:5-9:41
MERGED from [:google_sign_in] AndroidManifest.xml:5:5-44
MERGED from [:google_sign_in] AndroidManifest.xml:5:5-44
MERGED from [:flutter_facebook_login] AndroidManifest.xml:5:5-44
MERGED from [:flutter_facebook_login] AndroidManifest.xml:5:5-44
MERGED from [:image_picker] AndroidManifest.xml:5:5-44
MERGED from [:image_picker] AndroidManifest.xml:5:5-44
MERGED from [:flutter_plugin_android_lifecycle] AndroidManifest.xml:5:5-44
MERGED from [:flutter_plugin_android_lifecycle] AndroidManifest.xml:5:5-44
MERGED from [:webview_flutter] AndroidManifest.xml:5:5-44
MERGED from [:webview_flutter] AndroidManifest.xml:5:5-44
MERGED from [:path_provider] AndroidManifest.xml:5:5-44
MERGED from [:path_provider] AndroidManifest.xml:5:5-44
MERGED from [:image_cropper] AndroidManifest.xml:5:5-44
MERGED from [:image_cropper] AndroidManifest.xml:5:5-44
MERGED from [:firebase_auth] AndroidManifest.xml:5:5-44
MERGED from [:firebase_auth] AndroidManifest.xml:5:5-44
MERGED from [:firebase_core] AndroidManifest.xml:5:5-44
MERGED from [:firebase_core] AndroidManifest.xml:5:5-44
MERGED from [:image_crop] AndroidManifest.xml:5:5-44
MERGED from [:image_crop] AndroidManifest.xml:5:5-44
MERGED from [com.google.firebase:firebase-core:18.0.2] AndroidManifest.xml:5:5-44
MERGED from [com.google.firebase:firebase-core:18.0.2] AndroidManifest.xml:5:5-44
MERGED from [com.google.firebase:firebase-analytics:18.0.2] AndroidManifest.xml:5:5-44
MERGED from [com.google.firebase:firebase-analytics:18.0.2] AndroidManifest.xml:5:5-44
MERGED from [com.google.android.gms:play-services-auth:16.0.1] AndroidManifest.xml:20:5-44
MERGED from [com.google.android.gms:play-services-auth:16.0.1] AndroidManifest.xml:20:5-44
MERGED from [com.facebook.android:facebook-login:5.5.1] AndroidManifest.xml:24:5-26:41
MERGED from [com.facebook.android:facebook-login:5.5.1] AndroidManifest.xml:24:5-26:41
MERGED from [androidx.webkit:webkit:1.0.0] AndroidManifest.xml:20:5-44
MERGED from [androidx.webkit:webkit:1.0.0] AndroidManifest.xml:20:5-44
MERGED from [com.github.yalantis:ucrop:2.2.6] AndroidManifest.xml:7:5-9:41
MERGED from [com.github.yalantis:ucrop:2.2.6] AndroidManifest.xml:7:5-9:41
MERGED from [androidx.exifinterface:exifinterface:1.3.0] AndroidManifest.xml:20:5-22:41
MERGED from [androidx.exifinterface:exifinterface:1.3.0] AndroidManifest.xml:20:5-22:41
MERGED from [com.google.firebase:firebase-auth:20.0.2] AndroidManifest.xml:21:5-44
MERGED from [com.google.firebase:firebase-auth:20.0.2] AndroidManifest.xml:21:5-44
MERGED from [com.facebook.android:facebook-common:5.5.1] AndroidManifest.xml:24:5-26:41
MERGED from [com.facebook.android:facebook-common:5.5.1] AndroidManifest.xml:24:5-26:41
MERGED from [androidx.appcompat:appcompat:1.1.0] AndroidManifest.xml:20:5-22:41
MERGED from [androidx.appcompat:appcompat:1.1.0] AndroidManifest.xml:20:5-22:41
MERGED from [com.google.android.gms:play-services-auth-base:16.0.0] AndroidManifest.xml:5:5-44
MERGED from [com.google.android.gms:play-services-auth-base:16.0.0] AndroidManifest.xml:5:5-44
MERGED from [com.google.android.gms:play-services-auth-api-phone:17.4.0] AndroidManifest.xml:5:5-44
MERGED from [com.google.android.gms:play-services-auth-api-phone:17.4.0] AndroidManifest.xml:5:5-44
MERGED from [com.google.android.gms:play-services-safetynet:17.0.0] AndroidManifest.xml:20:5-44
MERGED from [com.google.android.gms:play-services-safetynet:17.0.0] AndroidManifest.xml:20:5-44
MERGED from [com.google.firebase:firebase-auth-interop:19.0.0] AndroidManifest.xml:5:5-44
MERGED from [com.google.firebase:firebase-auth-interop:19.0.0] AndroidManifest.xml:5:5-44
MERGED from [com.google.android.gms:play-services-base:17.1.0] AndroidManifest.xml:20:5-44
MERGED from [com.google.android.gms:play-services-base:17.1.0] AndroidManifest.xml:20:5-44
MERGED from [androidx.legacy:legacy-support-v4:1.0.0] AndroidManifest.xml:20:5-44
MERGED from [androidx.legacy:legacy-support-v4:1.0.0] AndroidManifest.xml:20:5-44
MERGED from [com.google.android.gms:play-services-measurement:18.0.2] AndroidManifest.xml:20:5-44
MERGED from [com.google.android.gms:play-services-measurement:18.0.2] AndroidManifest.xml:20:5-44
MERGED from [com.google.android.gms:play-services-measurement-api:18.0.2] AndroidManifest.xml:20:5-44
MERGED from [com.google.android.gms:play-services-measurement-api:18.0.2] AndroidManifest.xml:20:5-44
MERGED from [com.google.android.gms:play-services-measurement-sdk:18.0.2] AndroidManifest.xml:20:5-44
MERGED from [com.google.android.gms:play-services-measurement-sdk:18.0.2] AndroidManifest.xml:20:5-44
MERGED from [com.google.firebase:firebase-installations:16.3.5] AndroidManifest.xml:6:5-8:41
MERGED from [com.google.firebase:firebase-installations:16.3.5] AndroidManifest.xml:6:5-8:41
MERGED from [com.google.firebase:firebase-common:19.5.0] AndroidManifest.xml:20:5-22:41
MERGED from [com.google.firebase:firebase-common:19.5.0] AndroidManifest.xml:20:5-22:41
MERGED from [com.google.firebase:firebase-installations-interop:16.0.1] AndroidManifest.xml:19:5-21:41
MERGED from [com.google.firebase:firebase-installations-interop:16.0.1] AndroidManifest.xml:19:5-21:41
MERGED from [com.google.android.gms:play-services-tasks:17.0.0] AndroidManifest.xml:5:5-44
MERGED from [com.google.android.gms:play-services-tasks:17.0.0] AndroidManifest.xml:5:5-44
MERGED from [com.google.android.gms:play-services-measurement-impl:18.0.2] AndroidManifest.xml:20:5-44
MERGED from [com.google.android.gms:play-services-measurement-impl:18.0.2] AndroidManifest.xml:20:5-44
MERGED from [com.google.android.gms:play-services-ads-identifier:17.0.0] AndroidManifest.xml:20:5-44
MERGED from [com.google.android.gms:play-services-ads-identifier:17.0.0] AndroidManifest.xml:20:5-44
MERGED from [com.google.android.gms:play-services-measurement-sdk-api:18.0.2] AndroidManifest.xml:20:5-44
MERGED from [com.google.android.gms:play-services-measurement-sdk-api:18.0.2] AndroidManifest.xml:20:5-44
MERGED from [com.google.android.gms:play-services-measurement-base:18.0.2] AndroidManifest.xml:5:5-44
MERGED from [com.google.android.gms:play-services-measurement-base:18.0.2] AndroidManifest.xml:5:5-44
MERGED from [com.google.android.gms:play-services-stats:17.0.0] AndroidManifest.xml:5:5-44
MERGED from [com.google.android.gms:play-services-stats:17.0.0] AndroidManifest.xml:5:5-44
MERGED from [com.google.firebase:firebase-measurement-connector:18.0.0] AndroidManifest.xml:20:5-44
MERGED from [com.google.firebase:firebase-measurement-connector:18.0.0] AndroidManifest.xml:20:5-44
MERGED from [com.google.android.gms:play-services-basement:17.1.0] AndroidManifest.xml:20:5-44
MERGED from [com.google.android.gms:play-services-basement:17.1.0] AndroidManifest.xml:20:5-44
MERGED from [androidx.fragment:fragment:1.1.0] AndroidManifest.xml:20:5-22:41
MERGED from [androidx.fragment:fragment:1.1.0] AndroidManifest.xml:20:5-22:41
MERGED from [androidx.transition:transition:1.2.0-rc01] AndroidManifest.xml:20:5-22:41
MERGED from [androidx.transition:transition:1.2.0-rc01] AndroidManifest.xml:20:5-22:41
MERGED from [androidx.browser:browser:1.0.0] AndroidManifest.xml:20:5-44
MERGED from [androidx.browser:browser:1.0.0] AndroidManifest.xml:20:5-44
MERGED from [androidx.legacy:legacy-support-core-ui:1.0.0] AndroidManifest.xml:20:5-44
MERGED from [androidx.legacy:legacy-support-core-ui:1.0.0] AndroidManifest.xml:20:5-44
MERGED from [androidx.viewpager:viewpager:1.0.0] AndroidManifest.xml:20:5-44
MERGED from [androidx.viewpager:viewpager:1.0.0] AndroidManifest.xml:20:5-44
MERGED from [com.facebook.android:facebook-core:5.5.1] AndroidManifest.xml:24:5-26:41
MERGED from [com.facebook.android:facebook-core:5.5.1] AndroidManifest.xml:24:5-26:41
MERGED from [androidx.legacy:legacy-support-core-utils:1.0.0] AndroidManifest.xml:20:5-44
MERGED from [androidx.legacy:legacy-support-core-utils:1.0.0] AndroidManifest.xml:20:5-44
MERGED from [androidx.loader:loader:1.0.0] AndroidManifest.xml:20:5-44
MERGED from [androidx.loader:loader:1.0.0] AndroidManifest.xml:20:5-44
MERGED from [androidx.activity:activity:1.0.0] AndroidManifest.xml:20:5-22:41
MERGED from [androidx.activity:activity:1.0.0] AndroidManifest.xml:20:5-22:41
MERGED from [androidx.appcompat:appcompat-resources:1.1.0] AndroidManifest.xml:20:5-22:41
MERGED from [androidx.appcompat:appcompat-resources:1.1.0] AndroidManifest.xml:20:5-22:41
MERGED from [androidx.drawerlayout:drawerlayout:1.0.0] AndroidManifest.xml:20:5-44
MERGED from [androidx.drawerlayout:drawerlayout:1.0.0] AndroidManifest.xml:20:5-44
MERGED from [androidx.coordinatorlayout:coordinatorlayout:1.0.0] AndroidManifest.xml:20:5-44
MERGED from [androidx.coordinatorlayout:coordinatorlayout:1.0.0] AndroidManifest.xml:20:5-44
MERGED from [androidx.slidingpanelayout:slidingpanelayout:1.0.0] AndroidManifest.xml:20:5-44
MERGED from [androidx.slidingpanelayout:slidingpanelayout:1.0.0] AndroidManifest.xml:20:5-44
MERGED from [androidx.customview:customview:1.0.0] AndroidManifest.xml:20:5-44
MERGED from [androidx.customview:customview:1.0.0] AndroidManifest.xml:20:5-44
MERGED from [androidx.media:media:1.0.0] AndroidManifest.xml:20:5-44
MERGED from [androidx.media:media:1.0.0] AndroidManifest.xml:20:5-44
MERGED from [androidx.vectordrawable:vectordrawable-animated:1.1.0] AndroidManifest.xml:20:5-22:41
MERGED from [androidx.vectordrawable:vectordrawable-animated:1.1.0] AndroidManifest.xml:20:5-22:41
MERGED from [androidx.vectordrawable:vectordrawable:1.1.0] AndroidManifest.xml:20:5-22:41
MERGED from [androidx.vectordrawable:vectordrawable:1.1.0] AndroidManifest.xml:20:5-22:41
MERGED from [androidx.swiperefreshlayout:swiperefreshlayout:1.0.0] AndroidManifest.xml:20:5-44
MERGED from [androidx.swiperefreshlayout:swiperefreshlayout:1.0.0] AndroidManifest.xml:20:5-44
MERGED from [androidx.asynclayoutinflater:asynclayoutinflater:1.0.0] AndroidManifest.xml:20:5-44
MERGED from [androidx.asynclayoutinflater:asynclayoutinflater:1.0.0] AndroidManifest.xml:20:5-44
MERGED from [androidx.core:core:1.1.0] AndroidManifest.xml:20:5-22:41
MERGED from [androidx.core:core:1.1.0] AndroidManifest.xml:20:5-22:41
MERGED from [androidx.lifecycle:lifecycle-runtime:2.2.0] AndroidManifest.xml:20:5-22:41
MERGED from [androidx.lifecycle:lifecycle-runtime:2.2.0] AndroidManifest.xml:20:5-22:41
MERGED from [androidx.savedstate:savedstate:1.0.0] AndroidManifest.xml:20:5-22:41
MERGED from [androidx.savedstate:savedstate:1.0.0] AndroidManifest.xml:20:5-22:41
MERGED from [androidx.lifecycle:lifecycle-livedata:2.0.0] AndroidManifest.xml:20:5-44
MERGED from [androidx.lifecycle:lifecycle-livedata:2.0.0] AndroidManifest.xml:20:5-44
MERGED from [androidx.lifecycle:lifecycle-livedata-core:2.0.0] AndroidManifest.xml:20:5-44
MERGED from [androidx.lifecycle:lifecycle-livedata-core:2.0.0] AndroidManifest.xml:20:5-44
MERGED from [androidx.localbroadcastmanager:localbroadcastmanager:1.0.0] AndroidManifest.xml:20:5-44
MERGED from [androidx.localbroadcastmanager:localbroadcastmanager:1.0.0] AndroidManifest.xml:20:5-44
MERGED from [androidx.arch.core:core-runtime:2.0.0] AndroidManifest.xml:20:5-44
MERGED from [androidx.arch.core:core-runtime:2.0.0] AndroidManifest.xml:20:5-44
MERGED from [androidx.versionedparcelable:versionedparcelable:1.1.0] AndroidManifest.xml:20:5-22:41